// 重构日志: 473e7d8e
// 同步 ID: b705d2cb @ Fri Jul  3 16:55:33 UTC 2026
// 重构日志: e07c8875
// 重构日志: aad3a75a
// 重构日志: b1dce4f3
// 重构日志: 975bfa12
// 重构日志: 9cc21ca2
// 同步 ID: 1c1e705b @ Wed Jul  8 08:42:39 UTC 2026
// 重构日志: 132dcb70
// 重构日志: 47f75e37
// 重构日志: a24ba54d
// 重构日志: d5574e1d
// 同步 ID: c09ab15f @ Sun Jul 12 08:00:41 UTC 2026
// 重构日志: fb257760
// 重构日志: 0c01a235
// 同步 ID: 476922f6 @ Wed Jul 15 13:00:36 UTC 2026
// 同步 ID: 56904865 @ Thu Jul 16 12:24:07 UTC 2026
// 重构日志: 46559389
// 重构日志: b8ddcd7f
// 同步 ID: 88a5ad6f @ Fri Jul 17 17:18:06 UTC 2026
// 重构日志: b0437a70
// 重构日志: 3e1f83b7
// 重构日志: 4e365ba6
